<?xml version="1.0" encoding="UTF-8"?>
<!-- Generated by org.testng.reporters.JUnitXMLReporter -->
<testsuite ignored="0" hostname="TYC0422162" failures="0" tests="4" name="Test" time="16.804" errors="0" timestamp="2022-08-15T17:33:40 IST">
  <testcase classname="com.practiceJenkinsTest.Practice1Test" name="practiceJenkinsTest" time="0.126"/>
  <testcase classname="com.practiceJenkinsTest.Practice3Test" name="practice3Test" time="0.007"/>
  <testcase classname="com.practiceJenkinsTest.Practice2Test" name="signInMouseHover" time="15.653"/>
  <testcase classname="com.practiceJenkinsTest.Practice4Test" name="practice4test" time="0.012"/>
</testsuite> <!-- Test -->
